C:\CSIKI\PROJECTS\ANALOGYRECOVERY\ANALOGYRECOVERY\DEBUG\CONTEXT.OBJ
C:\CSIKI\PROJECTS\ANALOGYRECOVERY\ANALOGYRECOVERY\DEBUG\CORPUS.OBJ
C:\CSIKI\PROJECTS\ANALOGYRECOVERY\ANALOGYRECOVERY\DEBUG\MAIN.OBJ
C:\CSIKI\PROJECTS\ANALOGYRECOVERY\ANALOGYRECOVERY\DEBUG\SPARSEVECTOR.OBJ
C:\CSIKI\PROJECTS\ANALOGYRECOVERY\ANALOGYRECOVERY\DEBUG\WORD.OBJ
C:\CSIKI\PROJECTS\ANALOGYRECOVERY\ANALOGYRECOVERY\DEBUG\VC110.PDB
C:\CSIKI\PROJECTS\ANALOGYRECOVERY\DEBUG\ANALOGYRECOVERY.ILK
C:\CSIKI\PROJECTS\ANALOGYRECOVERY\DEBUG\ANALOGYRECOVERY.EXE
C:\CSIKI\PROJECTS\ANALOGYRECOVERY\DEBUG\ANALOGYRECOVERY.PDB
c:\CSIKI\PROJECTS\AnalogyRecovery\AnalogyRecovery\Debug\Context.obj
c:\CSIKI\PROJECTS\AnalogyRecovery\AnalogyRecovery\Debug\Corpus.obj
c:\CSIKI\PROJECTS\AnalogyRecovery\AnalogyRecovery\Debug\SparseVector.obj
c:\CSIKI\PROJECTS\AnalogyRecovery\AnalogyRecovery\Debug\Word.obj
c:\CSIKI\PROJECTS\AnalogyRecovery\AnalogyRecovery\Debug\cl.command.1.tlog
c:\CSIKI\PROJECTS\AnalogyRecovery\AnalogyRecovery\Debug\CL.read.1.tlog
c:\CSIKI\PROJECTS\AnalogyRecovery\AnalogyRecovery\Debug\CL.write.1.tlog
c:\CSIKI\PROJECTS\AnalogyRecovery\AnalogyRecovery\Debug\link-cvtres.read.1.tlog
c:\CSIKI\PROJECTS\AnalogyRecovery\AnalogyRecovery\Debug\link-cvtres.write.1.tlog
c:\CSIKI\PROJECTS\AnalogyRecovery\AnalogyRecovery\Debug\link-rc.read.1.tlog
c:\CSIKI\PROJECTS\AnalogyRecovery\AnalogyRecovery\Debug\link-rc.write.1.tlog
c:\CSIKI\PROJECTS\AnalogyRecovery\AnalogyRecovery\Debug\link.1444-cvtres.read.1.tlog
c:\CSIKI\PROJECTS\AnalogyRecovery\AnalogyRecovery\Debug\link.1444-cvtres.write.1.tlog
c:\CSIKI\PROJECTS\AnalogyRecovery\AnalogyRecovery\Debug\link.1444-rc.read.1.tlog
c:\CSIKI\PROJECTS\AnalogyRecovery\AnalogyRecovery\Debug\link.1444-rc.write.1.tlog
c:\CSIKI\PROJECTS\AnalogyRecovery\AnalogyRecovery\Debug\link.1444.read.1.tlog
c:\CSIKI\PROJECTS\AnalogyRecovery\AnalogyRecovery\Debug\link.1444.write.1.tlog
c:\CSIKI\PROJECTS\AnalogyRecovery\AnalogyRecovery\Debug\link.2392-cvtres.read.1.tlog
c:\CSIKI\PROJECTS\AnalogyRecovery\AnalogyRecovery\Debug\link.2392-cvtres.write.1.tlog
c:\CSIKI\PROJECTS\AnalogyRecovery\AnalogyRecovery\Debug\link.2392-rc.read.1.tlog
c:\CSIKI\PROJECTS\AnalogyRecovery\AnalogyRecovery\Debug\link.2392-rc.write.1.tlog
c:\CSIKI\PROJECTS\AnalogyRecovery\AnalogyRecovery\Debug\link.2392.read.1.tlog
c:\CSIKI\PROJECTS\AnalogyRecovery\AnalogyRecovery\Debug\link.2392.write.1.tlog
c:\CSIKI\PROJECTS\AnalogyRecovery\AnalogyRecovery\Debug\link.3824-cvtres.read.1.tlog
c:\CSIKI\PROJECTS\AnalogyRecovery\AnalogyRecovery\Debug\link.3824-cvtres.write.1.tlog
c:\CSIKI\PROJECTS\AnalogyRecovery\AnalogyRecovery\Debug\link.3824-rc.read.1.tlog
c:\CSIKI\PROJECTS\AnalogyRecovery\AnalogyRecovery\Debug\link.3824-rc.write.1.tlog
c:\CSIKI\PROJECTS\AnalogyRecovery\AnalogyRecovery\Debug\link.3824.read.1.tlog
c:\CSIKI\PROJECTS\AnalogyRecovery\AnalogyRecovery\Debug\link.3824.write.1.tlog
c:\CSIKI\PROJECTS\AnalogyRecovery\AnalogyRecovery\Debug\link.4892-cvtres.read.1.tlog
c:\CSIKI\PROJECTS\AnalogyRecovery\AnalogyRecovery\Debug\link.4892-cvtres.write.1.tlog
c:\CSIKI\PROJECTS\AnalogyRecovery\AnalogyRecovery\Debug\link.4892-rc.read.1.tlog
c:\CSIKI\PROJECTS\AnalogyRecovery\AnalogyRecovery\Debug\link.4892-rc.write.1.tlog
c:\CSIKI\PROJECTS\AnalogyRecovery\AnalogyRecovery\Debug\link.4892.read.1.tlog
c:\CSIKI\PROJECTS\AnalogyRecovery\AnalogyRecovery\Debug\link.4892.write.1.tlog
c:\CSIKI\PROJECTS\AnalogyRecovery\AnalogyRecovery\Debug\link.5776-cvtres.read.1.tlog
c:\CSIKI\PROJECTS\AnalogyRecovery\AnalogyRecovery\Debug\link.5776-cvtres.write.1.tlog
c:\CSIKI\PROJECTS\AnalogyRecovery\AnalogyRecovery\Debug\link.5776-rc.read.1.tlog
c:\CSIKI\PROJECTS\AnalogyRecovery\AnalogyRecovery\Debug\link.5776-rc.write.1.tlog
c:\CSIKI\PROJECTS\AnalogyRecovery\AnalogyRecovery\Debug\link.5776.read.1.tlog
c:\CSIKI\PROJECTS\AnalogyRecovery\AnalogyRecovery\Debug\link.5776.write.1.tlog
c:\CSIKI\PROJECTS\AnalogyRecovery\AnalogyRecovery\Debug\link.7672-cvtres.read.1.tlog
c:\CSIKI\PROJECTS\AnalogyRecovery\AnalogyRecovery\Debug\link.7672-cvtres.write.1.tlog
c:\CSIKI\PROJECTS\AnalogyRecovery\AnalogyRecovery\Debug\link.7672-rc.read.1.tlog
c:\CSIKI\PROJECTS\AnalogyRecovery\AnalogyRecovery\Debug\link.7672-rc.write.1.tlog
c:\CSIKI\PROJECTS\AnalogyRecovery\AnalogyRecovery\Debug\link.7672.read.1.tlog
c:\CSIKI\PROJECTS\AnalogyRecovery\AnalogyRecovery\Debug\link.7672.write.1.tlog
c:\CSIKI\PROJECTS\AnalogyRecovery\AnalogyRecovery\Debug\link.7728-cvtres.read.1.tlog
c:\CSIKI\PROJECTS\AnalogyRecovery\AnalogyRecovery\Debug\link.7728-cvtres.write.1.tlog
c:\CSIKI\PROJECTS\AnalogyRecovery\AnalogyRecovery\Debug\link.7728-rc.read.1.tlog
c:\CSIKI\PROJECTS\AnalogyRecovery\AnalogyRecovery\Debug\link.7728-rc.write.1.tlog
c:\CSIKI\PROJECTS\AnalogyRecovery\AnalogyRecovery\Debug\link.7728.read.1.tlog
c:\CSIKI\PROJECTS\AnalogyRecovery\AnalogyRecovery\Debug\link.7728.write.1.tlog
c:\CSIKI\PROJECTS\AnalogyRecovery\AnalogyRecovery\Debug\link.command.1.tlog
c:\CSIKI\PROJECTS\AnalogyRecovery\AnalogyRecovery\Debug\link.read.1.tlog
c:\CSIKI\PROJECTS\AnalogyRecovery\AnalogyRecovery\Debug\link.write.1.tlog
c:\CSIKI\PROJECTS\AnalogyRecovery\AnalogyRecovery\Debug\vc110.idb
c:\CSIKI\PROJECTS\AnalogyRecovery\AnalogyRecovery\Debug\vc110.pdb
C:\CSIKI\PROJECTS\AnalogyRecovery\Debug\AnalogyRecovery.pdb
C:\CSIKI\PROJECTS\AnalogyRecovery\Debug\AnalogyRecovery.exe
C:\CSIKI\PROJECTS\AnalogyRecovery\Debug\AnalogyRecovery.ilk
